<?xml version="1.0" encoding="UTF-8"?>
<!-- Generated by org.testng.reporters.JUnitReportReporter -->
<testsuite hostname="User-PC" failures="0" tests="2" name="framework.LoginCases" time="0.013" errors="0" timestamp="29 Aug 2021 03:07:08 GMT">
  <testcase classname="framework.LoginCases" name="loginTestCases" time="0.002"/>
  <testcase classname="framework.LoginCases" name="loginTestCases" time="0.011"/>
</testsuite> <!-- framework.LoginCases -->
